info: ::1 - - [19/Aug/2024:15:33:18 +0000] "POST /api/v1/users/ HTTP/1.1" 201 315 "-" "PostmanRuntime/7.41.1"

info: ::1 - - [19/Aug/2024:15:33:22 +0000] "POST /api/v1/users/login HTTP/1.1" 200 491 "-" "PostmanRuntime/7.41.1"

info: ::1 - - [19/Aug/2024:15:33:38 +0000] "POST /api/v1/cart/ HTTP/1.1" 200 55 "-" "PostmanRuntime/7.41.1"

info: ::1 - - [19/Aug/2024:15:34:48 +0000] "POST /api/v1/users/ HTTP/1.1" 201 315 "-" "PostmanRuntime/7.41.1"

info: ::1 - - [19/Aug/2024:15:34:56 +0000] "POST /api/v1/users/admin HTTP/1.1" 201 320 "-" "PostmanRuntime/7.41.1"

info: ::1 - - [19/Aug/2024:15:35:05 +0000] "POST /api/v1/users/login HTTP/1.1" 200 497 "-" "PostmanRuntime/7.41.1"

info: ::1 - - [19/Aug/2024:15:35:18 +0000] "POST /api/v1/books/ HTTP/1.1" 201 287 "-" "PostmanRuntime/7.41.1"

info: ::1 - - [19/Aug/2024:15:35:34 +0000] "POST /api/v1/users/login HTTP/1.1" 200 491 "-" "PostmanRuntime/7.41.1"

info: ::1 - - [19/Aug/2024:15:35:46 +0000] "POST /api/v1/cart/ HTTP/1.1" 200 55 "-" "PostmanRuntime/7.41.1"

info: ::1 - - [19/Aug/2024:15:37:37 +0000] "POST /api/v1/cart/ HTTP/1.1" 500 124 "-" "PostmanRuntime/7.41.1"

info: ::1 - - [19/Aug/2024:15:37:50 +0000] "POST /api/v1/cart/ HTTP/1.1" 500 123 "-" "PostmanRuntime/7.41.1"

info: ::1 - - [19/Aug/2024:15:38:14 +0000] "POST /api/v1/cart/ HTTP/1.1" 500 123 "-" "PostmanRuntime/7.41.1"

info: ::1 - - [19/Aug/2024:15:39:48 +0000] "POST /api/v1/books/ HTTP/1.1" 201 286 "-" "PostmanRuntime/7.41.1"

info: ::1 - - [19/Aug/2024:15:40:06 +0000] "POST /api/v1/cart/ HTTP/1.1" 500 123 "-" "PostmanRuntime/7.41.1"

info: ::1 - - [19/Aug/2024:15:49:21 +0000] "POST /api/v1/users/admin HTTP/1.1" 201 320 "-" "PostmanRuntime/7.41.1"

info: ::1 - - [19/Aug/2024:15:49:25 +0000] "POST /api/v1/users/ HTTP/1.1" 201 315 "-" "PostmanRuntime/7.41.1"

info: ::1 - - [19/Aug/2024:15:49:35 +0000] "POST /api/v1/users/login HTTP/1.1" 200 497 "-" "PostmanRuntime/7.41.1"

info: ::1 - - [19/Aug/2024:15:49:49 +0000] "POST /api/v1/books/ HTTP/1.1" 201 286 "-" "PostmanRuntime/7.41.1"

info: ::1 - - [19/Aug/2024:15:50:18 +0000] "POST /api/v1/cart/ HTTP/1.1" 200 196 "-" "PostmanRuntime/7.41.1"

info: ::1 - - [19/Aug/2024:15:50:30 +0000] "POST /api/v1/cart/ HTTP/1.1" 200 196 "-" "PostmanRuntime/7.41.1"

info: ::1 - - [19/Aug/2024:15:50:35 +0000] "POST /api/v1/cart/ HTTP/1.1" 200 196 "-" "PostmanRuntime/7.41.1"

info: ::1 - - [19/Aug/2024:15:51:47 +0000] "POST /api/v1/cart/ HTTP/1.1" 200 466 "-" "PostmanRuntime/7.41.1"

info: ::1 - - [19/Aug/2024:16:04:09 +0000] "POST /api/v1/cart/ HTTP/1.1" 200 466 "-" "PostmanRuntime/7.41.1"

info: ::1 - - [19/Aug/2024:16:08:23 +0000] "POST /api/v1/cart/ HTTP/1.1" 200 196 "-" "PostmanRuntime/7.41.1"

info: ::1 - - [19/Aug/2024:16:08:34 +0000] "POST /api/v1/cart/ HTTP/1.1" 200 196 "-" "PostmanRuntime/7.41.1"

info: ::1 - - [19/Aug/2024:16:09:47 +0000] "POST /api/v1/cart/ HTTP/1.1" 200 197 "-" "PostmanRuntime/7.41.1"

info: ::1 - - [19/Aug/2024:16:26:30 +0000] "POST /api/v1/cart/delete HTTP/1.1" 500 84 "-" "PostmanRuntime/7.41.1"

info: ::1 - - [19/Aug/2024:16:27:25 +0000] "POST /api/v1/cart/delete HTTP/1.1" 500 84 "-" "PostmanRuntime/7.41.1"

info: ::1 - - [19/Aug/2024:16:28:30 +0000] "POST /api/v1/cart/delete HTTP/1.1" 500 84 "-" "PostmanRuntime/7.41.1"

info: ::1 - - [19/Aug/2024:16:28:54 +0000] "POST /api/v1/cart/delete HTTP/1.1" 500 84 "-" "PostmanRuntime/7.41.1"

info: ::1 - - [19/Aug/2024:16:29:34 +0000] "POST /api/v1/cart/delete HTTP/1.1" 500 84 "-" "PostmanRuntime/7.41.1"

info: ::1 - - [19/Aug/2024:16:31:17 +0000] "POST /api/v1/cart/delete/1 HTTP/1.1" 404 47 "-" "PostmanRuntime/7.41.1"

info: ::1 - - [19/Aug/2024:16:31:36 +0000] "POST /api/v1/cart/delete/1 HTTP/1.1" 200 55 "-" "PostmanRuntime/7.41.1"

info: ::1 - - [19/Aug/2024:16:32:02 +0000] "POST /api/v1/cart/delete/1 HTTP/1.1" 200 64 "-" "PostmanRuntime/7.41.1"

info: ::1 - - [19/Aug/2024:16:32:17 +0000] "POST /api/v1/cart/delete HTTP/1.1" 200 64 "-" "PostmanRuntime/7.41.1"

info: ::1 - - [19/Aug/2024:17:27:07 +0000] "GET /api/v1/users/ HTTP/1.1" 404 47 "-" "PostmanRuntime/7.41.1"

info: ::1 - - [19/Aug/2024:17:27:14 +0000] "POST /api/v1/users/ HTTP/1.1" 201 319 "-" "PostmanRuntime/7.41.1"

info: ::1 - - [19/Aug/2024:17:27:29 +0000] "POST /api/v1/users/ HTTP/1.1" 201 319 "-" "PostmanRuntime/7.41.1"

info: ::1 - - [19/Aug/2024:17:27:38 +0000] "POST /api/v1/users/ HTTP/1.1" 201 319 "-" "PostmanRuntime/7.41.1"

info: ::1 - - [19/Aug/2024:17:29:01 +0000] "POST /api/v1/users/admin HTTP/1.1" 201 320 "-" "PostmanRuntime/7.41.1"

info: ::1 - - [19/Aug/2024:17:30:31 +0000] "GET /api/v1/users/ HTTP/1.1" 404 47 "-" "PostmanRuntime/7.41.1"

info: ::1 - - [19/Aug/2024:17:30:40 +0000] "POST /api/v1/users/ HTTP/1.1" 500 60 "-" "PostmanRuntime/7.41.1"

info: ::1 - - [19/Aug/2024:17:30:52 +0000] "POST /api/v1/users/login HTTP/1.1" 200 495 "-" "PostmanRuntime/7.41.1"

info: ::1 - - [19/Aug/2024:17:35:58 +0000] "POST /api/v1/books/admin HTTP/1.1" 400 56 "-" "PostmanRuntime/7.41.1"

info: ::1 - - [19/Aug/2024:17:40:14 +0000] "POST /api/v1/users/login HTTP/1.1" 200 495 "-" "PostmanRuntime/7.41.1"

info: ::1 - - [19/Aug/2024:17:40:26 +0000] "POST /api/v1/users/login HTTP/1.1" 200 497 "-" "PostmanRuntime/7.41.1"

info: ::1 - - [19/Aug/2024:17:40:47 +0000] "POST /api/v1/books/admin HTTP/1.1" 201 283 "-" "PostmanRuntime/7.41.1"

info: ::1 - - [19/Aug/2024:17:41:29 +0000] "POST /api/v1/books/admin HTTP/1.1" 201 285 "-" "PostmanRuntime/7.41.1"

info: ::1 - - [19/Aug/2024:17:41:47 +0000] "POST /api/v1/books/admin HTTP/1.1" 201 285 "-" "PostmanRuntime/7.41.1"

info: ::1 - - [19/Aug/2024:17:42:26 +0000] "POST /api/v1/books/admin HTTP/1.1" 201 285 "-" "PostmanRuntime/7.41.1"

info: ::1 - - [19/Aug/2024:17:42:48 +0000] "POST /api/v1/users/login HTTP/1.1" 200 495 "-" "PostmanRuntime/7.41.1"

info: ::1 - - [19/Aug/2024:17:43:03 +0000] "POST /api/v1/books/admin HTTP/1.1" 200 112 "-" "PostmanRuntime/7.41.1"

info: ::1 - - [19/Aug/2024:17:43:11 +0000] "POST /api/v1/users/login HTTP/1.1" 200 497 "-" "PostmanRuntime/7.41.1"

info: ::1 - - [19/Aug/2024:17:44:13 +0000] "POST /api/v1/books/admin/3 HTTP/1.1" 404 47 "-" "PostmanRuntime/7.41.1"

info: ::1 - - [19/Aug/2024:17:44:55 +0000] "GET /api/v1/books/admin/3 HTTP/1.1" 202 285 "-" "PostmanRuntime/7.41.1"

info: ::1 - - [19/Aug/2024:17:46:15 +0000] "POST /api/v1/users/login HTTP/1.1" 200 495 "-" "PostmanRuntime/7.41.1"

info: ::1 - - [19/Aug/2024:17:47:32 +0000] "POST /api/v1/cart/ HTTP/1.1" 200 197 "-" "PostmanRuntime/7.41.1"

info: ::1 - - [19/Aug/2024:17:47:44 +0000] "POST /api/v1/cart/ HTTP/1.1" 200 196 "-" "PostmanRuntime/7.41.1"

info: ::1 - - [19/Aug/2024:17:48:09 +0000] "POST /api/v1/cart/ HTTP/1.1" 200 196 "-" "PostmanRuntime/7.41.1"

info: ::1 - - [19/Aug/2024:17:49:01 +0000] "GET /api/v1/cart/ HTTP/1.1" 500 93 "-" "PostmanRuntime/7.41.1"

info: ::1 - - [19/Aug/2024:17:49:24 +0000] "GET /api/v1/cart/ HTTP/1.1" 500 93 "-" "PostmanRuntime/7.41.1"

info: ::1 - - [19/Aug/2024:17:50:16 +0000] "GET /api/v1/cart/ HTTP/1.1" 200 332 "-" "PostmanRuntime/7.41.1"

