error: Could not connect to the database. password authentication failed for user "Sakhare Sohan" {"name":"SequelizeConnectionError","original":{"code":"28P01","file":"auth.c","length":109,"line":"326","name":"error","routine":"auth_failed","severity":"FATAL"},"parent":{"code":"28P01","file":"auth.c","length":109,"line":"326","name":"error","routine":"auth_failed","severity":"FATAL"},"stack":"SequelizeConnectionError: password authentication failed for user \"Sakhare Sohan\"\n    at Client._connectionCallback (D:\\BookStore\\bookStore\\node_modules\\sequelize\\src\\dialects\\postgres\\connection-manager.js:196:24)\n    at Client._handleErrorWhileConnecting (D:\\BookStore\\bookStore\\node_modules\\pg\\lib\\client.js:327:19)\n    at Client._handleErrorMessage (D:\\BookStore\\bookStore\\node_modules\\pg\\lib\\client.js:347:19)\n    at Connection.emit (node:events:527:28)\n    at D:\\BookStore\\bookStore\\node_modules\\pg\\lib\\connection.js:117:12\n    at Parser.parse (D:\\BookStore\\bookStore\\node_modules\\pg-protocol\\src\\parser.ts:104:9)\n    at Socket.<anonymous> (D:\\BookStore\\bookStore\\node_modules\\pg-protocol\\src\\index.ts:7:48)\n    at Socket.emit (node:events:527:28)\n    at addChunk (node:internal/streams/readable:315:12)\n    at readableAddChunk (node:internal/streams/readable:289:9)","timestamp":"2024-08-16T07:28:23.249Z"}
info: Server started at http://localhost:3000/api/v1/ {"timestamp":"2024-08-16T07:29:37.078Z"}
error: Could not connect to the database. password authentication failed for user "Sakhare Sohan" {"name":"SequelizeConnectionError","original":{"code":"28P01","file":"auth.c","length":109,"line":"326","name":"error","routine":"auth_failed","severity":"FATAL"},"parent":{"code":"28P01","file":"auth.c","length":109,"line":"326","name":"error","routine":"auth_failed","severity":"FATAL"},"stack":"SequelizeConnectionError: password authentication failed for user \"Sakhare Sohan\"\n    at Client._connectionCallback (D:\\BookStore\\bookStore\\node_modules\\sequelize\\src\\dialects\\postgres\\connection-manager.js:196:24)\n    at Client._handleErrorWhileConnecting (D:\\BookStore\\bookStore\\node_modules\\pg\\lib\\client.js:327:19)\n    at Client._handleErrorMessage (D:\\BookStore\\bookStore\\node_modules\\pg\\lib\\client.js:347:19)\n    at Connection.emit (node:events:527:28)\n    at D:\\BookStore\\bookStore\\node_modules\\pg\\lib\\connection.js:117:12\n    at Parser.parse (D:\\BookStore\\bookStore\\node_modules\\pg-protocol\\src\\parser.ts:104:9)\n    at Socket.<anonymous> (D:\\BookStore\\bookStore\\node_modules\\pg-protocol\\src\\index.ts:7:48)\n    at Socket.emit (node:events:527:28)\n    at addChunk (node:internal/streams/readable:315:12)\n    at readableAddChunk (node:internal/streams/readable:289:9)","timestamp":"2024-08-16T07:29:37.198Z"}
info: Server started at http://localhost:3000/api/v1/ {"timestamp":"2024-08-16T07:30:19.616Z"}
error: Could not connect to the database. database "bookstore" does not exist {"name":"SequelizeConnectionError","original":{"code":"3D000","file":"postinit.c","length":95,"line":"1021","name":"error","routine":"InitPostgres","severity":"FATAL"},"parent":{"code":"3D000","file":"postinit.c","length":95,"line":"1021","name":"error","routine":"InitPostgres","severity":"FATAL"},"stack":"SequelizeConnectionError: database \"bookstore\" does not exist\n    at Client._connectionCallback (D:\\BookStore\\bookStore\\node_modules\\sequelize\\src\\dialects\\postgres\\connection-manager.js:196:24)\n    at Client._handleErrorWhileConnecting (D:\\BookStore\\bookStore\\node_modules\\pg\\lib\\client.js:327:19)\n    at Client._handleErrorMessage (D:\\BookStore\\bookStore\\node_modules\\pg\\lib\\client.js:347:19)\n    at Connection.emit (node:events:527:28)\n    at D:\\BookStore\\bookStore\\node_modules\\pg\\lib\\connection.js:117:12\n    at Parser.parse (D:\\BookStore\\bookStore\\node_modules\\pg-protocol\\src\\parser.ts:104:9)\n    at Socket.<anonymous> (D:\\BookStore\\bookStore\\node_modules\\pg-protocol\\src\\index.ts:7:48)\n    at Socket.emit (node:events:527:28)\n    at addChunk (node:internal/streams/readable:315:12)\n    at readableAddChunk (node:internal/streams/readable:289:9)","timestamp":"2024-08-16T07:30:19.732Z"}
info: Server started at http://localhost:3000/api/v1/ {"timestamp":"2024-08-16T07:30:25.329Z"}
error: Could not connect to the database. database "bookstore" does not exist {"name":"SequelizeConnectionError","original":{"code":"3D000","file":"postinit.c","length":95,"line":"1021","name":"error","routine":"InitPostgres","severity":"FATAL"},"parent":{"code":"3D000","file":"postinit.c","length":95,"line":"1021","name":"error","routine":"InitPostgres","severity":"FATAL"},"stack":"SequelizeConnectionError: database \"bookstore\" does not exist\n    at Client._connectionCallback (D:\\BookStore\\bookStore\\node_modules\\sequelize\\src\\dialects\\postgres\\connection-manager.js:196:24)\n    at Client._handleErrorWhileConnecting (D:\\BookStore\\bookStore\\node_modules\\pg\\lib\\client.js:327:19)\n    at Client._handleErrorMessage (D:\\BookStore\\bookStore\\node_modules\\pg\\lib\\client.js:347:19)\n    at Connection.emit (node:events:527:28)\n    at D:\\BookStore\\bookStore\\node_modules\\pg\\lib\\connection.js:117:12\n    at Parser.parse (D:\\BookStore\\bookStore\\node_modules\\pg-protocol\\src\\parser.ts:104:9)\n    at Socket.<anonymous> (D:\\BookStore\\bookStore\\node_modules\\pg-protocol\\src\\index.ts:7:48)\n    at Socket.emit (node:events:527:28)\n    at addChunk (node:internal/streams/readable:315:12)\n    at readableAddChunk (node:internal/streams/readable:289:9)","timestamp":"2024-08-16T07:30:25.450Z"}
info: Server started at http://localhost:3000/api/v1/ {"timestamp":"2024-08-16T07:31:01.582Z"}
info: Connected to the database. {"timestamp":"2024-08-16T07:31:01.790Z"}
info: Server started at http://localhost:3000/api/v1/ {"timestamp":"2024-08-16T07:31:27.984Z"}
info: Connected to the database. {"timestamp":"2024-08-16T07:31:28.282Z"}
info: Server started at http://localhost:3000/api/v1/ {"timestamp":"2024-08-16T07:31:38.909Z"}
info: Connected to the database. {"timestamp":"2024-08-16T07:31:39.098Z"}
info: Server started at http://localhost:3000/api/v1/ {"timestamp":"2024-08-16T07:31:45.099Z"}
info: Server started at http://localhost:3000/api/v1/ {"timestamp":"2024-08-16T07:31:47.770Z"}
info: Connected to the database. {"timestamp":"2024-08-16T07:31:47.987Z"}
info: Server started at http://localhost:3000/api/v1/ {"timestamp":"2024-08-16T07:42:32.779Z"}
info: Connected to the database. {"timestamp":"2024-08-16T07:42:33.003Z"}
info: Server started at http://localhost:3000/api/v1/ {"timestamp":"2024-08-16T07:42:52.243Z"}
info: Connected to the database. {"timestamp":"2024-08-16T07:42:52.451Z"}
info: Server started at http://localhost:3000/api/v1/ {"timestamp":"2024-08-16T07:42:58.583Z"}
info: Connected to the database. {"timestamp":"2024-08-16T07:42:58.795Z"}
info: Connected to the database. {"timestamp":"2024-08-16T07:45:59.289Z"}
info: Connected to the database. {"timestamp":"2024-08-16T07:46:12.679Z"}
info: Connected to the database. {"timestamp":"2024-08-16T07:46:31.183Z"}
info: Connected to the database. {"timestamp":"2024-08-16T07:46:47.087Z"}
info: Connected to the database. {"timestamp":"2024-08-16T07:46:52.702Z"}
info: Connected to the database. {"timestamp":"2024-08-16T07:47:21.264Z"}
info: Connected to the database. {"timestamp":"2024-08-16T07:47:26.704Z"}
info: Connected to the database. {"timestamp":"2024-08-16T07:47:32.715Z"}
info: Connected to the database. {"timestamp":"2024-08-16T07:47:38.477Z"}
info: Connected to the database. {"timestamp":"2024-08-16T07:47:44.170Z"}
info: Connected to the database. {"timestamp":"2024-08-16T07:47:49.593Z"}
info: Connected to the database. {"timestamp":"2024-08-16T07:47:55.025Z"}
info: Server started at http://localhost:3000/api/v1/ {"timestamp":"2024-08-16T07:48:00.352Z"}
info: Connected to the database. {"timestamp":"2024-08-16T07:48:00.569Z"}
info: Server started at http://localhost:3000/api/v1/ {"timestamp":"2024-08-16T07:48:17.708Z"}
info: Connected to the database. {"timestamp":"2024-08-16T07:48:17.912Z"}
info: Server started at http://localhost:3000/api/v1/ {"timestamp":"2024-08-16T07:48:33.690Z"}
info: Connected to the database. {"timestamp":"2024-08-16T07:48:33.884Z"}
info: Server started at http://localhost:3000/api/v1/ {"timestamp":"2024-08-16T07:48:44.145Z"}
info: Connected to the database. {"timestamp":"2024-08-16T07:48:44.343Z"}
info: Server started at http://localhost:3000/api/v1/ {"timestamp":"2024-08-16T07:48:48.101Z"}
info: Connected to the database. {"timestamp":"2024-08-16T07:48:48.293Z"}
info: Server started at http://localhost:3000/api/v1/ {"timestamp":"2024-08-16T07:48:52.773Z"}
info: Connected to the database. {"timestamp":"2024-08-16T07:48:52.959Z"}
info: Connected to the database. {"timestamp":"2024-08-16T07:48:57.818Z"}
info: Server started at http://localhost:3000/api/v1/ {"timestamp":"2024-08-16T07:49:03.133Z"}
info: Server started at http://localhost:3000/api/v1/ {"timestamp":"2024-08-16T07:49:05.752Z"}
info: Connected to the database. {"timestamp":"2024-08-16T07:49:05.985Z"}
info: Connected to the database. {"timestamp":"2024-08-16T07:49:08.905Z"}
info: Connected to the database. {"timestamp":"2024-08-16T07:49:18.496Z"}
info: Server started at http://localhost:3000/api/v1/ {"timestamp":"2024-08-16T07:49:24.899Z"}
info: Connected to the database. {"timestamp":"2024-08-16T07:49:25.096Z"}
info: Connected to the database. {"timestamp":"2024-08-16T07:49:33.764Z"}
info: Connected to the database. {"timestamp":"2024-08-16T07:49:41.733Z"}
info: Server started at http://localhost:3000/api/v1/ {"timestamp":"2024-08-16T07:49:46.996Z"}
info: Connected to the database. {"timestamp":"2024-08-16T07:49:47.293Z"}
info: Server started at http://localhost:3000/api/v1/ {"timestamp":"2024-08-16T07:49:53.139Z"}
info: Connected to the database. {"timestamp":"2024-08-16T07:49:53.330Z"}
info: Connected to the database. {"timestamp":"2024-08-16T07:50:13.942Z"}
info: Connected to the database. {"timestamp":"2024-08-16T07:50:19.993Z"}
info: Server started at http://localhost:3000/api/v1/ {"timestamp":"2024-08-16T07:50:25.438Z"}
info: Connected to the database. {"timestamp":"2024-08-16T07:50:25.637Z"}
info: Server started at http://localhost:3000/api/v1/ {"timestamp":"2024-08-16T07:50:30.159Z"}
info: Connected to the database. {"timestamp":"2024-08-16T07:50:30.360Z"}
info: Server started at http://localhost:3000/api/v1/ {"timestamp":"2024-08-16T07:50:40.475Z"}
info: Connected to the database. {"timestamp":"2024-08-16T07:50:40.672Z"}
info: Server started at http://localhost:3000/api/v1/ {"timestamp":"2024-08-16T07:50:56.999Z"}
info: Connected to the database. {"timestamp":"2024-08-16T07:50:57.262Z"}
info: Server started at http://localhost:3000/api/v1/ {"timestamp":"2024-08-16T07:51:00.247Z"}
info: Connected to the database. {"timestamp":"2024-08-16T07:51:00.534Z"}
info: Connected to the database. {"timestamp":"2024-08-16T07:51:03.558Z"}
info: Connected to the database. {"timestamp":"2024-08-16T07:51:09.114Z"}
info: Server started at http://localhost:3000/api/v1/ {"timestamp":"2024-08-16T07:51:25.515Z"}
info: Connected to the database. {"timestamp":"2024-08-16T07:51:25.729Z"}
error: 
    status - 500 
    message - ValidationError: "lastName" failed custom validation because Cannot read properties of undefined (reading 'presence') 
    url - /api/v1/users/ 
    method - POST 
    IP - ::1
   {"timestamp":"2024-08-16T07:51:35.248Z"}
error: 
    status - 500 
    message - ValidationError: "lastName" failed custom validation because Cannot read properties of undefined (reading 'presence') 
    url - /api/v1/users/ 
    method - POST 
    IP - ::1
   {"timestamp":"2024-08-16T07:51:45.699Z"}
error: 
    status - 500 
    message - ValidationError: "lastName" failed custom validation because Cannot read properties of undefined (reading 'presence') 
    url - /api/v1/users/ 
    method - POST 
    IP - ::1
   {"timestamp":"2024-08-16T07:52:04.121Z"}
info: Server started at http://localhost:3000/api/v1/ {"timestamp":"2024-08-16T07:52:16.476Z"}
info: Connected to the database. {"timestamp":"2024-08-16T07:52:16.688Z"}
info: Server started at http://localhost:3000/api/v1/ {"timestamp":"2024-08-16T07:52:22.956Z"}
info: Connected to the database. {"timestamp":"2024-08-16T07:52:23.145Z"}
error: 
    status - 500 
    message - ValidationError: "role" is not allowed 
    url - /api/v1/users/ 
    method - POST 
    IP - ::1
   {"timestamp":"2024-08-16T07:52:26.174Z"}
error: 
    status - 500 
    message - ValidationError: "role" must be [admin] 
    url - /api/v1/users/admin 
    method - POST 
    IP - ::1
   {"timestamp":"2024-08-16T07:53:00.714Z"}
info: Server started at http://localhost:3000/api/v1/ {"timestamp":"2024-08-16T07:53:48.106Z"}
info: Connected to the database. {"timestamp":"2024-08-16T07:53:48.298Z"}
info: Server started at http://localhost:3000/api/v1/ {"timestamp":"2024-08-16T07:53:51.717Z"}
info: Connected to the database. {"timestamp":"2024-08-16T07:53:51.912Z"}
info: Server started at http://localhost:3000/api/v1/ {"timestamp":"2024-08-16T07:53:56.379Z"}
info: Connected to the database. {"timestamp":"2024-08-16T07:53:56.574Z"}
info: Server started at http://localhost:3000/api/v1/ {"timestamp":"2024-08-16T07:55:59.956Z"}
info: Connected to the database. {"timestamp":"2024-08-16T07:56:00.164Z"}
info: Server started at http://localhost:3000/api/v1/ {"timestamp":"2024-08-16T07:56:59.919Z"}
info: Connected to the database. {"timestamp":"2024-08-16T07:57:00.147Z"}
info: Connected to the database. {"timestamp":"2024-08-16T07:57:09.693Z"}
info: Server started at http://localhost:3000/api/v1/ {"timestamp":"2024-08-16T07:57:15.141Z"}
info: Connected to the database. {"timestamp":"2024-08-16T07:57:15.362Z"}
info: Server started at http://localhost:3000/api/v1/ {"timestamp":"2024-08-16T07:57:21.556Z"}
info: Connected to the database. {"timestamp":"2024-08-16T07:57:21.760Z"}
error: 
    status - 500 
    message - ValidationError: "role" is not allowed 
    url - /api/v1/users/admin 
    method - POST 
    IP - ::1
   {"timestamp":"2024-08-16T07:57:42.277Z"}
info: Connected to the database. {"timestamp":"2024-08-16T07:58:03.465Z"}
info: Server started at http://localhost:3000/api/v1/ {"timestamp":"2024-08-16T07:58:08.703Z"}
info: Connected to the database. {"timestamp":"2024-08-16T07:58:08.916Z"}
info: Connected to the database. {"timestamp":"2024-08-16T09:00:28.040Z"}
info: Connected to the database. {"timestamp":"2024-08-16T09:00:38.755Z"}
info: Server started at http://localhost:3000/api/v1/ {"timestamp":"2024-08-16T09:00:59.659Z"}
info: Connected to the database. {"timestamp":"2024-08-16T09:00:59.770Z"}
info: Server started at http://localhost:3000/api/v1/ {"timestamp":"2024-08-16T09:01:23.159Z"}
info: Connected to the database. {"timestamp":"2024-08-16T09:01:23.277Z"}
info: Server started at http://localhost:3000/api/v1/ {"timestamp":"2024-08-16T09:01:28.433Z"}
info: Connected to the database. {"timestamp":"2024-08-16T09:01:28.539Z"}
info: Server started at http://localhost:3000/api/v1/ {"timestamp":"2024-08-16T09:01:40.165Z"}
info: Connected to the database. {"timestamp":"2024-08-16T09:01:40.450Z"}
info: Server started at http://localhost:3000/api/v1/ {"timestamp":"2024-08-16T09:01:48.082Z"}
info: Connected to the database. {"timestamp":"2024-08-16T09:01:48.196Z"}
info: Server started at http://localhost:3000/api/v1/ {"timestamp":"2024-08-16T09:01:59.482Z"}
info: Connected to the database. {"timestamp":"2024-08-16T09:01:59.702Z"}
info: Server started at http://localhost:3000/api/v1/ {"timestamp":"2024-08-16T09:02:09.363Z"}
info: Connected to the database. {"timestamp":"2024-08-16T09:02:09.478Z"}
info: Server started at http://localhost:3000/api/v1/ {"timestamp":"2024-08-16T09:02:24.680Z"}
info: Connected to the database. {"timestamp":"2024-08-16T09:02:24.802Z"}
info: Server started at http://localhost:3000/api/v1/ {"timestamp":"2024-08-16T09:02:32.038Z"}
info: Connected to the database. {"timestamp":"2024-08-16T09:02:32.163Z"}
info: Server started at http://localhost:3000/api/v1/ {"timestamp":"2024-08-16T09:02:34.878Z"}
info: Connected to the database. {"timestamp":"2024-08-16T09:02:35.096Z"}
info: Server started at http://localhost:3000/api/v1/ {"timestamp":"2024-08-16T09:02:42.368Z"}
info: Connected to the database. {"timestamp":"2024-08-16T09:02:42.482Z"}
info: Server started at http://localhost:3000/api/v1/ {"timestamp":"2024-08-16T09:02:45.750Z"}
info: Connected to the database. {"timestamp":"2024-08-16T09:02:45.874Z"}
info: Server started at http://localhost:3000/api/v1/ {"timestamp":"2024-08-16T09:02:49.508Z"}
info: Connected to the database. {"timestamp":"2024-08-16T09:02:49.634Z"}
info: Server started at http://localhost:3000/api/v1/ {"timestamp":"2024-08-16T09:02:55.447Z"}
info: Connected to the database. {"timestamp":"2024-08-16T09:02:55.564Z"}
info: Server started at http://localhost:3000/api/v1/ {"timestamp":"2024-08-16T09:02:58.339Z"}
info: Connected to the database. {"timestamp":"2024-08-16T09:02:58.470Z"}
info: Server started at http://localhost:3000/api/v1/ {"timestamp":"2024-08-16T09:03:00.517Z"}
info: Connected to the database. {"timestamp":"2024-08-16T09:03:00.646Z"}
info: Server started at http://localhost:3000/api/v1/ {"timestamp":"2024-08-16T09:03:07.944Z"}
info: Connected to the database. {"timestamp":"2024-08-16T09:03:08.056Z"}
info: Server started at http://localhost:3000/api/v1/ {"timestamp":"2024-08-16T09:03:10.924Z"}
info: Connected to the database. {"timestamp":"2024-08-16T09:03:11.038Z"}
info: Server started at http://localhost:3000/api/v1/ {"timestamp":"2024-08-16T09:03:19.980Z"}
info: Connected to the database. {"timestamp":"2024-08-16T09:03:20.109Z"}
info: Server started at http://localhost:3000/api/v1/ {"timestamp":"2024-08-16T09:03:21.828Z"}
info: Connected to the database. {"timestamp":"2024-08-16T09:03:21.947Z"}
info: Server started at http://localhost:3000/api/v1/ {"timestamp":"2024-08-16T09:03:33.113Z"}
info: Connected to the database. {"timestamp":"2024-08-16T09:03:33.225Z"}
info: Server started at http://localhost:3000/api/v1/ {"timestamp":"2024-08-16T09:03:58.345Z"}
info: Connected to the database. {"timestamp":"2024-08-16T09:03:58.460Z"}
info: Server started at http://localhost:3000/api/v1/ {"timestamp":"2024-08-16T09:04:13.354Z"}
info: Connected to the database. {"timestamp":"2024-08-16T09:04:13.474Z"}
info: Server started at http://localhost:3000/api/v1/ {"timestamp":"2024-08-16T09:04:18.180Z"}
info: Connected to the database. {"timestamp":"2024-08-16T09:04:18.301Z"}
info: Server started at http://localhost:3000/api/v1/ {"timestamp":"2024-08-16T09:04:20.151Z"}
info: Connected to the database. {"timestamp":"2024-08-16T09:04:20.270Z"}
info: Server started at http://localhost:3000/api/v1/ {"timestamp":"2024-08-16T09:04:22.046Z"}
info: Connected to the database. {"timestamp":"2024-08-16T09:04:22.168Z"}
info: Server started at http://localhost:3000/api/v1/ {"timestamp":"2024-08-16T09:04:29.057Z"}
info: Connected to the database. {"timestamp":"2024-08-16T09:04:29.163Z"}
info: Server started at http://localhost:3000/api/v1/ {"timestamp":"2024-08-16T09:04:34.970Z"}
info: Connected to the database. {"timestamp":"2024-08-16T09:04:35.079Z"}
info: Server started at http://localhost:3000/api/v1/ {"timestamp":"2024-08-16T09:04:49.739Z"}
info: Connected to the database. {"timestamp":"2024-08-16T09:04:49.851Z"}
info: Server started at http://localhost:3000/api/v1/ {"timestamp":"2024-08-16T09:04:51.124Z"}
info: Connected to the database. {"timestamp":"2024-08-16T09:04:51.240Z"}
info: Server started at http://localhost:3000/api/v1/ {"timestamp":"2024-08-16T09:05:11.395Z"}
info: Connected to the database. {"timestamp":"2024-08-16T09:05:11.577Z"}
info: Server started at http://localhost:3000/api/v1/ {"timestamp":"2024-08-16T09:05:15.473Z"}
info: Connected to the database. {"timestamp":"2024-08-16T09:05:15.597Z"}
info: Server started at http://localhost:3000/api/v1/ {"timestamp":"2024-08-16T09:05:18.984Z"}
info: Connected to the database. {"timestamp":"2024-08-16T09:05:19.098Z"}
info: Server started at http://localhost:3000/api/v1/ {"timestamp":"2024-08-16T09:05:24.452Z"}
info: Connected to the database. {"timestamp":"2024-08-16T09:05:24.564Z"}
info: Server started at http://localhost:3000/api/v1/ {"timestamp":"2024-08-16T09:05:26.299Z"}
info: Connected to the database. {"timestamp":"2024-08-16T09:05:26.419Z"}
info: Server started at http://localhost:3000/api/v1/ {"timestamp":"2024-08-16T09:05:32.005Z"}
info: Connected to the database. {"timestamp":"2024-08-16T09:05:32.113Z"}
error: 
      status - 400
      message - Authorization token is required 
      url - /api/v1/users/login 
      method - GET 
      IP - ::1
     {"timestamp":"2024-08-16T09:07:22.649Z"}
info: Server started at http://localhost:3000/api/v1/ {"timestamp":"2024-08-16T09:08:16.125Z"}
info: Connected to the database. {"timestamp":"2024-08-16T09:08:16.240Z"}
info: Server started at http://localhost:3000/api/v1/ {"timestamp":"2024-08-16T09:08:20.417Z"}
info: Connected to the database. {"timestamp":"2024-08-16T09:08:20.529Z"}
info: Server started at http://localhost:3000/api/v1/ {"timestamp":"2024-08-16T09:10:26.632Z"}
info: Connected to the database. {"timestamp":"2024-08-16T09:10:26.742Z"}
info: Server started at http://localhost:3000/api/v1/ {"timestamp":"2024-08-16T09:12:31.088Z"}
info: Connected to the database. {"timestamp":"2024-08-16T09:12:31.198Z"}
info: Server started at http://localhost:3000/api/v1/ {"timestamp":"2024-08-16T09:12:32.527Z"}
info: Connected to the database. {"timestamp":"2024-08-16T09:12:32.638Z"}
info: Server started at http://localhost:3000/api/v1/ {"timestamp":"2024-08-16T09:12:37.274Z"}
info: Connected to the database. {"timestamp":"2024-08-16T09:12:37.393Z"}
info: Server started at http://localhost:3000/api/v1/ {"timestamp":"2024-08-16T09:13:04.594Z"}
info: Connected to the database. {"timestamp":"2024-08-16T09:13:04.828Z"}
info: Server started at http://localhost:3000/api/v1/ {"timestamp":"2024-08-16T09:18:47.941Z"}
info: Connected to the database. {"timestamp":"2024-08-16T09:18:48.166Z"}
info: Server started at http://localhost:3000/api/v1/ {"timestamp":"2024-08-16T09:18:50.471Z"}
info: Connected to the database. {"timestamp":"2024-08-16T09:18:50.591Z"}
info: Server started at http://localhost:3000/api/v1/ {"timestamp":"2024-08-16T09:18:59.008Z"}
info: Connected to the database. {"timestamp":"2024-08-16T09:18:59.121Z"}
info: Server started at http://localhost:3000/api/v1/ {"timestamp":"2024-08-16T09:19:01.613Z"}
info: Connected to the database. {"timestamp":"2024-08-16T09:19:01.731Z"}
info: Server started at http://localhost:3000/api/v1/ {"timestamp":"2024-08-16T09:19:05.610Z"}
info: Connected to the database. {"timestamp":"2024-08-16T09:19:05.840Z"}
info: Server started at http://localhost:3000/api/v1/ {"timestamp":"2024-08-16T09:19:09.812Z"}
info: Connected to the database. {"timestamp":"2024-08-16T09:19:10.043Z"}
info: Server started at http://localhost:3000/api/v1/ {"timestamp":"2024-08-16T09:19:16.346Z"}
info: Connected to the database. {"timestamp":"2024-08-16T09:19:16.473Z"}
info: Server started at http://localhost:3000/api/v1/ {"timestamp":"2024-08-16T09:19:20.282Z"}
info: Connected to the database. {"timestamp":"2024-08-16T09:19:20.393Z"}
info: Server started at http://localhost:3000/api/v1/ {"timestamp":"2024-08-16T09:19:28.192Z"}
info: Connected to the database. {"timestamp":"2024-08-16T09:19:28.306Z"}
info: Server started at http://localhost:3000/api/v1/ {"timestamp":"2024-08-16T09:19:31.919Z"}
info: Server started at http://localhost:3000/api/v1/ {"timestamp":"2024-08-16T09:19:33.261Z"}
info: Connected to the database. {"timestamp":"2024-08-16T09:19:33.409Z"}
info: Server started at http://localhost:3000/api/v1/ {"timestamp":"2024-08-16T09:19:53.409Z"}
info: Connected to the database. {"timestamp":"2024-08-16T09:19:53.519Z"}
info: Server started at http://localhost:3000/api/v1/ {"timestamp":"2024-08-16T09:19:58.245Z"}
info: Connected to the database. {"timestamp":"2024-08-16T09:19:58.360Z"}
info: Server started at http://localhost:3000/api/v1/ {"timestamp":"2024-08-16T09:20:02.200Z"}
info: Connected to the database. {"timestamp":"2024-08-16T09:20:02.411Z"}
info: Server started at http://localhost:3000/api/v1/ {"timestamp":"2024-08-16T09:20:14.091Z"}
info: Connected to the database. {"timestamp":"2024-08-16T09:20:14.207Z"}
info: Server started at http://localhost:3000/api/v1/ {"timestamp":"2024-08-16T09:20:18.948Z"}
info: Connected to the database. {"timestamp":"2024-08-16T09:20:19.096Z"}
info: Server started at http://localhost:3000/api/v1/ {"timestamp":"2024-08-16T09:20:22.476Z"}
info: Server started at http://localhost:3000/api/v1/ {"timestamp":"2024-08-16T09:20:23.798Z"}
info: Connected to the database. {"timestamp":"2024-08-16T09:20:23.916Z"}
info: Server started at http://localhost:3000/api/v1/ {"timestamp":"2024-08-16T09:20:30.597Z"}
info: Connected to the database. {"timestamp":"2024-08-16T09:20:30.707Z"}
info: Server started at http://localhost:3000/api/v1/ {"timestamp":"2024-08-16T09:21:26.536Z"}
info: Connected to the database. {"timestamp":"2024-08-16T09:21:26.651Z"}
info: Server started at http://localhost:3000/api/v1/ {"timestamp":"2024-08-16T09:22:35.905Z"}
info: Connected to the database. {"timestamp":"2024-08-16T09:22:36.024Z"}
info: Server started at http://localhost:3000/api/v1/ {"timestamp":"2024-08-16T09:22:46.565Z"}
info: Connected to the database. {"timestamp":"2024-08-16T09:22:46.686Z"}
info: Server started at http://localhost:3000/api/v1/ {"timestamp":"2024-08-16T09:23:03.340Z"}
info: Connected to the database. {"timestamp":"2024-08-16T09:23:03.457Z"}
info: Server started at http://localhost:3000/api/v1/ {"timestamp":"2024-08-16T09:23:17.538Z"}
info: Connected to the database. {"timestamp":"2024-08-16T09:23:17.659Z"}
info: Server started at http://localhost:3000/api/v1/ {"timestamp":"2024-08-16T09:23:32.744Z"}
info: Connected to the database. {"timestamp":"2024-08-16T09:23:32.863Z"}
info: Server started at http://localhost:3000/api/v1/ {"timestamp":"2024-08-16T09:23:36.100Z"}
info: Connected to the database. {"timestamp":"2024-08-16T09:23:36.217Z"}
info: Server started at http://localhost:3000/api/v1/ {"timestamp":"2024-08-16T09:23:39.804Z"}
info: Connected to the database. {"timestamp":"2024-08-16T09:23:40.023Z"}
info: Server started at http://localhost:3000/api/v1/ {"timestamp":"2024-08-16T09:23:42.113Z"}
info: Connected to the database. {"timestamp":"2024-08-16T09:23:42.232Z"}
info: Server started at http://localhost:3000/api/v1/ {"timestamp":"2024-08-16T09:23:45.268Z"}
info: Connected to the database. {"timestamp":"2024-08-16T09:23:45.390Z"}
info: Server started at http://localhost:3000/api/v1/ {"timestamp":"2024-08-16T09:23:49.334Z"}
info: Connected to the database. {"timestamp":"2024-08-16T09:23:49.450Z"}
info: Server started at http://localhost:3000/api/v1/ {"timestamp":"2024-08-16T09:23:52.622Z"}
info: Server started at http://localhost:3000/api/v1/ {"timestamp":"2024-08-16T09:23:53.946Z"}
info: Connected to the database. {"timestamp":"2024-08-16T09:23:54.055Z"}
info: Server started at http://localhost:3000/api/v1/ {"timestamp":"2024-08-16T09:24:05.004Z"}
info: Connected to the database. {"timestamp":"2024-08-16T09:24:05.126Z"}
info: Server started at http://localhost:3000/api/v1/ {"timestamp":"2024-08-16T09:24:07.706Z"}
info: Connected to the database. {"timestamp":"2024-08-16T09:24:07.825Z"}
info: Connected to the database. {"timestamp":"2024-08-16T09:24:17.108Z"}
info: Connected to the database. {"timestamp":"2024-08-16T09:24:21.334Z"}
info: Connected to the database. {"timestamp":"2024-08-16T09:24:34.302Z"}
info: Connected to the database. {"timestamp":"2024-08-16T09:24:49.031Z"}
info: Connected to the database. {"timestamp":"2024-08-16T09:24:53.734Z"}
info: Connected to the database. {"timestamp":"2024-08-16T09:24:58.372Z"}
info: Connected to the database. {"timestamp":"2024-08-16T09:25:02.326Z"}
info: Connected to the database. {"timestamp":"2024-08-16T09:25:06.898Z"}
info: Connected to the database. {"timestamp":"2024-08-16T09:25:11.097Z"}
info: Connected to the database. {"timestamp":"2024-08-16T09:25:15.459Z"}
info: Server started at http://localhost:3000/api/v1/ {"timestamp":"2024-08-16T09:25:19.544Z"}
info: Connected to the database. {"timestamp":"2024-08-16T09:25:19.653Z"}
info: Server started at http://localhost:3000/api/v1/ {"timestamp":"2024-08-16T09:25:22.656Z"}
info: Connected to the database. {"timestamp":"2024-08-16T09:25:22.768Z"}
info: Server started at http://localhost:3000/api/v1/ {"timestamp":"2024-08-16T09:25:25.529Z"}
info: Connected to the database. {"timestamp":"2024-08-16T09:25:25.652Z"}
info: Server started at http://localhost:3000/api/v1/ {"timestamp":"2024-08-16T09:25:28.518Z"}
info: Connected to the database. {"timestamp":"2024-08-16T09:25:28.627Z"}
info: Server started at http://localhost:3000/api/v1/ {"timestamp":"2024-08-16T09:25:36.731Z"}
info: Connected to the database. {"timestamp":"2024-08-16T09:25:36.847Z"}
info: Connected to the database. {"timestamp":"2024-08-16T09:25:38.969Z"}
info: Connected to the database. {"timestamp":"2024-08-16T09:25:43.045Z"}
info: Server started at http://localhost:3000/api/v1/ {"timestamp":"2024-08-16T09:25:47.181Z"}
info: Connected to the database. {"timestamp":"2024-08-16T09:25:47.294Z"}
info: Server started at http://localhost:3000/api/v1/ {"timestamp":"2024-08-16T09:25:56.029Z"}
info: Connected to the database. {"timestamp":"2024-08-16T09:25:56.140Z"}
info: Server started at http://localhost:3000/api/v1/ {"timestamp":"2024-08-16T09:25:58.251Z"}
info: Connected to the database. {"timestamp":"2024-08-16T09:25:58.365Z"}
info: Server started at http://localhost:3000/api/v1/ {"timestamp":"2024-08-16T09:26:01.861Z"}
info: Connected to the database. {"timestamp":"2024-08-16T09:26:01.976Z"}
info: Server started at http://localhost:3000/api/v1/ {"timestamp":"2024-08-16T09:26:07.910Z"}
info: Connected to the database. {"timestamp":"2024-08-16T09:26:08.146Z"}
info: Server started at http://localhost:3000/api/v1/ {"timestamp":"2024-08-16T09:26:35.810Z"}
info: Connected to the database. {"timestamp":"2024-08-16T09:26:35.926Z"}
info: Server started at http://localhost:3000/api/v1/ {"timestamp":"2024-08-16T09:26:51.891Z"}
info: Connected to the database. {"timestamp":"2024-08-16T09:26:52.017Z"}
info: Server started at http://localhost:3000/api/v1/ {"timestamp":"2024-08-16T09:26:57.265Z"}
info: Connected to the database. {"timestamp":"2024-08-16T09:26:57.495Z"}
info: Server started at http://localhost:3000/api/v1/ {"timestamp":"2024-08-16T09:26:58.822Z"}
info: Connected to the database. {"timestamp":"2024-08-16T09:26:58.933Z"}
info: Server started at http://localhost:3000/api/v1/ {"timestamp":"2024-08-16T09:27:00.918Z"}
info: Connected to the database. {"timestamp":"2024-08-16T09:27:01.031Z"}
info: Server started at http://localhost:3000/api/v1/ {"timestamp":"2024-08-16T09:27:03.077Z"}
info: Connected to the database. {"timestamp":"2024-08-16T09:27:03.198Z"}
info: Server started at http://localhost:3000/api/v1/ {"timestamp":"2024-08-16T09:27:04.843Z"}
info: Connected to the database. {"timestamp":"2024-08-16T09:27:04.970Z"}
info: Server started at http://localhost:3000/api/v1/ {"timestamp":"2024-08-16T09:27:06.689Z"}
info: Connected to the database. {"timestamp":"2024-08-16T09:27:06.915Z"}
info: Server started at http://localhost:3000/api/v1/ {"timestamp":"2024-08-16T09:27:10.497Z"}
info: Connected to the database. {"timestamp":"2024-08-16T09:27:10.714Z"}
info: Server started at http://localhost:3000/api/v1/ {"timestamp":"2024-08-16T09:27:13.567Z"}
info: Connected to the database. {"timestamp":"2024-08-16T09:27:13.682Z"}
info: Server started at http://localhost:3000/api/v1/ {"timestamp":"2024-08-16T09:27:16.300Z"}
info: Connected to the database. {"timestamp":"2024-08-16T09:27:16.411Z"}
info: Server started at http://localhost:3000/api/v1/ {"timestamp":"2024-08-16T09:27:43.378Z"}
info: Connected to the database. {"timestamp":"2024-08-16T09:27:43.487Z"}
info: Server started at http://localhost:3000/api/v1/ {"timestamp":"2024-08-16T09:27:48.797Z"}
info: Connected to the database. {"timestamp":"2024-08-16T09:27:48.910Z"}
info: Server started at http://localhost:3000/api/v1/ {"timestamp":"2024-08-16T09:27:52.070Z"}
info: Connected to the database. {"timestamp":"2024-08-16T09:27:52.183Z"}
info: Connected to the database. {"timestamp":"2024-08-16T09:27:58.097Z"}
info: Connected to the database. {"timestamp":"2024-08-16T09:28:02.081Z"}
info: Connected to the database. {"timestamp":"2024-08-16T09:28:08.869Z"}
info: Server started at http://localhost:3000/api/v1/ {"timestamp":"2024-08-16T09:28:13.034Z"}
info: Connected to the database. {"timestamp":"2024-08-16T09:28:13.181Z"}
info: Connected to the database. {"timestamp":"2024-08-16T09:28:15.165Z"}
info: Server started at http://localhost:3000/api/v1/ {"timestamp":"2024-08-16T09:28:21.308Z"}
info: Connected to the database. {"timestamp":"2024-08-16T09:28:21.428Z"}
info: Server started at http://localhost:3000/api/v1/ {"timestamp":"2024-08-16T09:28:23.362Z"}
info: Connected to the database. {"timestamp":"2024-08-16T09:28:23.502Z"}
info: Server started at http://localhost:3000/api/v1/ {"timestamp":"2024-08-16T09:28:27.485Z"}
info: Connected to the database. {"timestamp":"2024-08-16T09:28:27.598Z"}
info: Server started at http://localhost:3000/api/v1/ {"timestamp":"2024-08-16T09:28:35.071Z"}
info: Connected to the database. {"timestamp":"2024-08-16T09:28:35.238Z"}
info: Server started at http://localhost:3000/api/v1/ {"timestamp":"2024-08-16T09:28:40.187Z"}
info: Connected to the database. {"timestamp":"2024-08-16T09:28:40.302Z"}
info: Server started at http://localhost:3000/api/v1/ {"timestamp":"2024-08-16T09:28:44.438Z"}
info: Connected to the database. {"timestamp":"2024-08-16T09:28:44.550Z"}
info: Server started at http://localhost:3000/api/v1/ {"timestamp":"2024-08-16T09:28:46.130Z"}
info: Connected to the database. {"timestamp":"2024-08-16T09:28:46.250Z"}
info: Server started at http://localhost:3000/api/v1/ {"timestamp":"2024-08-16T09:28:48.616Z"}
info: Connected to the database. {"timestamp":"2024-08-16T09:28:48.742Z"}
info: Server started at http://localhost:3000/api/v1/ {"timestamp":"2024-08-16T09:28:50.933Z"}
info: Connected to the database. {"timestamp":"2024-08-16T09:28:51.061Z"}
info: Server started at http://localhost:3000/api/v1/ {"timestamp":"2024-08-16T09:28:55.910Z"}
info: Connected to the database. {"timestamp":"2024-08-16T09:28:56.025Z"}
info: Server started at http://localhost:3000/api/v1/ {"timestamp":"2024-08-16T09:28:57.231Z"}
info: Connected to the database. {"timestamp":"2024-08-16T09:28:57.358Z"}
info: Connected to the database. {"timestamp":"2024-08-16T09:28:59.622Z"}
info: Server started at http://localhost:3000/api/v1/ {"timestamp":"2024-08-16T09:29:03.668Z"}
info: Connected to the database. {"timestamp":"2024-08-16T09:29:03.784Z"}
info: Server started at http://localhost:3000/api/v1/ {"timestamp":"2024-08-16T09:29:06.503Z"}
info: Connected to the database. {"timestamp":"2024-08-16T09:29:06.623Z"}
info: Server started at http://localhost:3000/api/v1/ {"timestamp":"2024-08-16T09:29:09.950Z"}
info: Connected to the database. {"timestamp":"2024-08-16T09:29:10.062Z"}
info: Connected to the database. {"timestamp":"2024-08-16T09:29:22.140Z"}
info: Server started at http://localhost:3000/api/v1/ {"timestamp":"2024-08-16T09:29:26.178Z"}
info: Connected to the database. {"timestamp":"2024-08-16T09:29:26.404Z"}
info: Server started at http://localhost:3000/api/v1/ {"timestamp":"2024-08-16T09:29:29.458Z"}
info: Server started at http://localhost:3000/api/v1/ {"timestamp":"2024-08-16T09:29:30.835Z"}
info: Connected to the database. {"timestamp":"2024-08-16T09:29:30.952Z"}
info: Server started at http://localhost:3000/api/v1/ {"timestamp":"2024-08-16T09:29:38.514Z"}
info: Connected to the database. {"timestamp":"2024-08-16T09:29:38.636Z"}
info: Server started at http://localhost:3000/api/v1/ {"timestamp":"2024-08-16T09:29:40.711Z"}
info: Connected to the database. {"timestamp":"2024-08-16T09:29:40.830Z"}
info: Server started at http://localhost:3000/api/v1/ {"timestamp":"2024-08-16T09:29:42.507Z"}
info: Connected to the database. {"timestamp":"2024-08-16T09:29:42.622Z"}
info: Connected to the database. {"timestamp":"2024-08-16T09:29:44.600Z"}
info: Connected to the database. {"timestamp":"2024-08-16T09:29:48.662Z"}
info: Connected to the database. {"timestamp":"2024-08-16T09:29:53.014Z"}
info: Server started at http://localhost:3000/api/v1/ {"timestamp":"2024-08-16T09:29:57.615Z"}
info: Connected to the database. {"timestamp":"2024-08-16T09:29:57.727Z"}
info: Server started at http://localhost:3000/api/v1/ {"timestamp":"2024-08-16T09:29:59.133Z"}
info: Connected to the database. {"timestamp":"2024-08-16T09:29:59.253Z"}
info: Server started at http://localhost:3000/api/v1/ {"timestamp":"2024-08-16T09:30:00.899Z"}
info: Connected to the database. {"timestamp":"2024-08-16T09:30:01.035Z"}
info: Server started at http://localhost:3000/api/v1/ {"timestamp":"2024-08-16T09:30:06.247Z"}
info: Connected to the database. {"timestamp":"2024-08-16T09:30:06.380Z"}
info: Server started at http://localhost:3000/api/v1/ {"timestamp":"2024-08-16T09:30:25.031Z"}
info: Connected to the database. {"timestamp":"2024-08-16T09:30:25.154Z"}
info: Server started at http://localhost:3000/api/v1/ {"timestamp":"2024-08-16T09:30:29.863Z"}
info: Connected to the database. {"timestamp":"2024-08-16T09:30:29.976Z"}
info: Server started at http://localhost:3000/api/v1/ {"timestamp":"2024-08-16T09:30:39.344Z"}
info: Connected to the database. {"timestamp":"2024-08-16T09:30:39.458Z"}
info: Server started at http://localhost:3000/api/v1/ {"timestamp":"2024-08-16T09:30:42.317Z"}
info: Connected to the database. {"timestamp":"2024-08-16T09:30:42.429Z"}
info: Server started at http://localhost:3000/api/v1/ {"timestamp":"2024-08-16T09:31:51.451Z"}
info: Connected to the database. {"timestamp":"2024-08-16T09:31:51.566Z"}
info: Server started at http://localhost:3000/api/v1/ {"timestamp":"2024-08-16T09:32:12.620Z"}
info: Connected to the database. {"timestamp":"2024-08-16T09:32:12.762Z"}
info: Server started at http://localhost:3000/api/v1/ {"timestamp":"2024-08-16T09:32:19.293Z"}
info: Connected to the database. {"timestamp":"2024-08-16T09:32:19.436Z"}
info: Server started at http://localhost:3000/api/v1/ {"timestamp":"2024-08-16T09:32:50.889Z"}
info: Connected to the database. {"timestamp":"2024-08-16T09:32:51.006Z"}
info: Server started at http://localhost:3000/api/v1/ {"timestamp":"2024-08-16T09:32:57.565Z"}
info: Connected to the database. {"timestamp":"2024-08-16T09:32:57.680Z"}
info: Server started at http://localhost:3000/api/v1/ {"timestamp":"2024-08-16T09:33:02.759Z"}
info: Connected to the database. {"timestamp":"2024-08-16T09:33:02.875Z"}
info: Server started at http://localhost:3000/api/v1/ {"timestamp":"2024-08-16T09:33:53.434Z"}
info: Connected to the database. {"timestamp":"2024-08-16T09:33:53.558Z"}
info: Server started at http://localhost:3000/api/v1/ {"timestamp":"2024-08-16T09:33:54.737Z"}
info: Connected to the database. {"timestamp":"2024-08-16T09:33:54.847Z"}
info: Server started at http://localhost:3000/api/v1/ {"timestamp":"2024-08-16T09:35:17.707Z"}
info: Connected to the database. {"timestamp":"2024-08-16T09:35:17.819Z"}
