info: ::1 - - [16/Aug/2024:07:38:06 +0000] "POST /api/v1/users/ HTTP/1.1" 201 317 "-" "PostmanRuntime/7.41.1"

info: ::1 - - [16/Aug/2024:07:38:46 +0000] "POST /api/v1/users/ HTTP/1.1" 201 318 "-" "PostmanRuntime/7.41.1"

info: ::1 - - [16/Aug/2024:07:51:35 +0000] "POST /api/v1/users/ HTTP/1.1" 500 137 "-" "PostmanRuntime/7.41.1"

info: ::1 - - [16/Aug/2024:07:51:45 +0000] "POST /api/v1/users/ HTTP/1.1" 500 137 "-" "PostmanRuntime/7.41.1"

info: ::1 - - [16/Aug/2024:07:52:04 +0000] "POST /api/v1/users/ HTTP/1.1" 500 137 "-" "PostmanRuntime/7.41.1"

info: ::1 - - [16/Aug/2024:07:52:26 +0000] "POST /api/v1/users/ HTTP/1.1" 500 58 "-" "PostmanRuntime/7.41.1"

info: ::1 - - [16/Aug/2024:07:52:34 +0000] "POST /api/v1/users/ HTTP/1.1" 201 320 "-" "PostmanRuntime/7.41.1"

info: ::1 - - [16/Aug/2024:07:53:00 +0000] "POST /api/v1/users/admin HTTP/1.1" 500 59 "-" "PostmanRuntime/7.41.1"

info: ::1 - - [16/Aug/2024:07:53:10 +0000] "POST /api/v1/users/admin HTTP/1.1" 201 320 "-" "PostmanRuntime/7.41.1"

info: ::1 - - [16/Aug/2024:07:54:58 +0000] "POST /api/v1/users/admin HTTP/1.1" 201 321 "-" "PostmanRuntime/7.41.1"

info: ::1 - - [16/Aug/2024:07:55:11 +0000] "POST /api/v1/users HTTP/1.1" 201 320 "-" "PostmanRuntime/7.41.1"

info: ::1 - - [16/Aug/2024:07:57:42 +0000] "POST /api/v1/users/admin HTTP/1.1" 500 58 "-" "PostmanRuntime/7.41.1"

info: ::1 - - [16/Aug/2024:08:58:23 +0000] "POST /api/v1/users/admin HTTP/1.1" 201 321 "-" "PostmanRuntime/7.41.1"

info: ::1 - - [16/Aug/2024:08:59:05 +0000] "POST /api/v1/users/admin HTTP/1.1" 201 321 "-" "PostmanRuntime/7.41.1"

info: ::1 - - [16/Aug/2024:09:05:49 +0000] "POST /api/v1/users/admin HTTP/1.1" 201 321 "-" "PostmanRuntime/7.41.1"

info: ::1 - - [16/Aug/2024:09:07:22 +0000] "GET /api/v1/users/login HTTP/1.1" 400 56 "-" "PostmanRuntime/7.41.1"

info: ::1 - - [16/Aug/2024:09:08:42 +0000] "POST /api/v1/users/admin HTTP/1.1" 201 321 "-" "PostmanRuntime/7.41.1"

info: ::1 - - [16/Aug/2024:09:09:02 +0000] "POST /api/v1/users/login HTTP/1.1" 200 79 "-" "PostmanRuntime/7.41.1"

info: ::1 - - [16/Aug/2024:09:09:34 +0000] "POST /api/v1/users/login HTTP/1.1" 200 79 "-" "PostmanRuntime/7.41.1"

info: ::1 - - [16/Aug/2024:09:09:41 +0000] "POST /api/v1/users/login HTTP/1.1" 200 79 "-" "PostmanRuntime/7.41.1"

info: ::1 - - [16/Aug/2024:09:10:30 +0000] "POST /api/v1/users/admin HTTP/1.1" 201 321 "-" "PostmanRuntime/7.41.1"

info: ::1 - - [16/Aug/2024:09:10:35 +0000] "POST /api/v1/users/login HTTP/1.1" 200 79 "-" "PostmanRuntime/7.41.1"

info: ::1 - - [16/Aug/2024:09:12:43 +0000] "POST /api/v1/users/admin HTTP/1.1" 201 321 "-" "PostmanRuntime/7.41.1"

info: ::1 - - [16/Aug/2024:09:12:49 +0000] "POST /api/v1/users/login HTTP/1.1" 200 321 "-" "PostmanRuntime/7.41.1"

